Arguments: 
  /usr/local/bin/node /usr/local/Cellar/yarn/1.5.1_1/libexec/bin/yarn.js bash

PATH: 
  /usr/local/bin:/usr/bin:/bin:/usr/sbin:/sbin

Yarn version: 
  1.5.1

Node version: 
  8.11.1

Platform: 
  darwin x64

npm manifest: 
  {
    "name": "github-cli",
    "version": "1.0.0",
    "description": "My first JavaScript CLI",
    "main": "./src/index.js",
    "repository": "https://github.com/vuyo97/github-cli.git",
    "author": "vuyo",
    "license": "UNLICENSED",
    "scripts": {
      "dev": "clear && node ./src/index.js",
      "build": "cp ./src/index.js ./build/index.min.js",
      "bash": "~/run.sh"
    },
    "dependencies": {
      "github-api": "^3.0.0"
    }
  }

yarn manifest: 
  No manifest

Lockfile: 
  # THIS IS AN AUTOGENERATED FILE. DO NOT EDIT THIS FILE DIRECTLY.
  # yarn lockfile v1
  
  
  axios@^0.15.2:
    version "0.15.3"
    resolved "https://registry.yarnpkg.com/axios/-/axios-0.15.3.tgz#2c9d638b2e191a08ea1d6cc988eadd6ba5bdc053"
    dependencies:
      follow-redirects "1.0.0"
  
  debug@^2.2.0:
    version "2.6.9"
    resolved "https://registry.yarnpkg.com/debug/-/debug-2.6.9.tgz#5d128515df134ff327e90a4c93f4e077a536341f"
    dependencies:
      ms "2.0.0"
  
  follow-redirects@1.0.0:
    version "1.0.0"
    resolved "https://registry.yarnpkg.com/follow-redirects/-/follow-redirects-1.0.0.tgz#8e34298cbd2e176f254effec75a1c78cc849fd37"
    dependencies:
      debug "^2.2.0"
  
  github-api@^3.0.0:
    version "3.0.0"
    resolved "https://registry.yarnpkg.com/github-api/-/github-api-3.0.0.tgz#2832f98d0d3a83f1485e2db32c9259e4b9c40a75"
    dependencies:
      axios "^0.15.2"
      debug "^2.2.0"
      js-base64 "^2.1.9"
      utf8 "^2.1.1"
  
  js-base64@^2.1.9:
    version "2.4.3"
    resolved "https://registry.yarnpkg.com/js-base64/-/js-base64-2.4.3.tgz#2e545ec2b0f2957f41356510205214e98fad6582"
  
  ms@2.0.0:
    version "2.0.0"
    resolved "https://registry.yarnpkg.com/ms/-/ms-2.0.0.tgz#5608aeadfc00be6c2901df5f9861788de0d597c8"
  
  utf8@^2.1.1:
    version "2.1.2"
    resolved "https://registry.yarnpkg.com/utf8/-/utf8-2.1.2.tgz#1fa0d9270e9be850d9b05027f63519bf46457d96"

Trace: 
  Error: Command failed.
  Exit code: 127
  Command: sh
  Arguments: -c ~/run.sh
  Directory: /Users/ge_academy/repo/github-cli
  Output:
  
      at ProcessTermError.MessageError (/usr/local/Cellar/yarn/1.5.1_1/libexec/lib/cli.js:186:110)
      at new ProcessTermError (/usr/local/Cellar/yarn/1.5.1_1/libexec/lib/cli.js:226:113)
      at ChildProcess.<anonymous> (/usr/local/Cellar/yarn/1.5.1_1/libexec/lib/cli.js:30281:17)
      at emitTwo (events.js:126:13)
      at ChildProcess.emit (events.js:214:7)
      at maybeClose (internal/child_process.js:925:16)
      at Process.ChildProcess._handle.onexit (internal/child_process.js:209:5)
